2024-09-20 10:45:18.087 +02:00 [INF] User profile is available. Using 'C:\Users\Martin\AppData\Local\ASP.NET\DataProtection-Keys' as key repository and Windows DPAPI to encrypt keys at rest.
2024-09-20 10:45:18.213 +02:00 [INF] Now listening on: https://localhost:7129
2024-09-20 10:45:18.215 +02:00 [INF] Now listening on: http://localhost:5259
2024-09-20 10:45:18.220 +02:00 [INF] Application started. Press Ctrl+C to shut down.
2024-09-20 10:45:18.221 +02:00 [INF] Hosting environment: Development
2024-09-20 10:45:18.225 +02:00 [INF] Content root path: C:\Users\Martin\MyShop
2024-09-20 10:45:18.410 +02:00 [INF] Request starting HTTP/1.1 GET http://localhost:5259/ - null null
2024-09-20 10:45:18.432 +02:00 [INF] Executing endpoint 'MyShop.Controllers.HomeController.Index (MyShop)'
2024-09-20 10:45:18.441 +02:00 [INF] Route matched with {action = "Index", controller = "Home"}. Executing controller action with signature Microsoft.AspNetCore.Mvc.IActionResult Index() on controller MyShop.Controllers.HomeController (MyShop).
2024-09-20 10:45:18.449 +02:00 [INF] Executing ViewResult, running view Index.
2024-09-20 10:45:18.509 +02:00 [INF] Executed ViewResult - view Index executed in 61.1108ms.
2024-09-20 10:45:18.511 +02:00 [INF] Executed action MyShop.Controllers.HomeController.Index (MyShop) in 69.5545ms
2024-09-20 10:45:18.511 +02:00 [INF] Executed endpoint 'MyShop.Controllers.HomeController.Index (MyShop)'
2024-09-20 10:45:18.513 +02:00 [INF] Request finished HTTP/1.1 GET http://localhost:5259/ - 200 null text/html; charset=utf-8 111.4588ms
2024-09-20 10:45:18.540 +02:00 [INF] Request starting HTTP/1.1 GET http://localhost:5259/js/jquery.min.js - null null
2024-09-20 10:45:18.540 +02:00 [INF] Request starting HTTP/1.1 GET http://localhost:5259/js/bootstrap.js - null null
2024-09-20 10:45:18.540 +02:00 [INF] Request starting HTTP/1.1 GET http://localhost:5259/images/pizza.jpg - null null
2024-09-20 10:45:18.540 +02:00 [INF] Request starting HTTP/1.1 GET http://localhost:5259/images/fishandchips.jpg - null null
2024-09-20 10:45:18.553 +02:00 [INF] The file /js/bootstrap.js was not modified
2024-09-20 10:45:18.553 +02:00 [INF] The file /images/pizza.jpg was not modified
2024-09-20 10:45:18.553 +02:00 [INF] The file /images/fishandchips.jpg was not modified
2024-09-20 10:45:18.553 +02:00 [INF] The file /js/jquery.min.js was not modified
2024-09-20 10:45:18.554 +02:00 [INF] Request finished HTTP/1.1 GET http://localhost:5259/js/jquery.min.js - 304 null text/javascript 14.2448ms
2024-09-20 10:45:18.554 +02:00 [INF] Request finished HTTP/1.1 GET http://localhost:5259/images/pizza.jpg - 304 null image/jpeg 14.2448ms
2024-09-20 10:45:18.554 +02:00 [INF] Request finished HTTP/1.1 GET http://localhost:5259/images/fishandchips.jpg - 304 null image/jpeg 14.1494ms
2024-09-20 10:45:18.554 +02:00 [INF] Request finished HTTP/1.1 GET http://localhost:5259/js/bootstrap.js - 304 null text/javascript 14.135ms
2024-09-20 10:45:18.564 +02:00 [INF] Request starting HTTP/1.1 GET http://localhost:5259/images/tacos.jpg - null null
2024-09-20 10:45:18.565 +02:00 [INF] The file /images/tacos.jpg was not modified
2024-09-20 10:45:18.566 +02:00 [INF] Request finished HTTP/1.1 GET http://localhost:5259/images/tacos.jpg - 304 null image/jpeg 2.0789ms
2024-09-20 10:45:51.934 +02:00 [INF] Request starting HTTP/1.1 GET http://localhost:5259/Item/Table - null null
2024-09-20 10:45:51.935 +02:00 [INF] Executing endpoint 'MyShop.Controllers.ItemController.Table (MyShop)'
2024-09-20 10:45:51.942 +02:00 [INF] Route matched with {action = "Table", controller = "Item"}. Executing controller action with signature System.Threading.Tasks.Task`1[Microsoft.AspNetCore.Mvc.IActionResult] Table() on controller MyShop.Controllers.ItemController (MyShop).
2024-09-20 10:45:51.956 +02:00 [INF] This is an information message.
2024-09-20 10:45:51.963 +02:00 [WRN] This is a warning message
2024-09-20 10:45:51.967 +02:00 [ERR] This is an error message.
2024-09-20 10:45:52.055 +02:00 [INF] Executing ViewResult, running view Table.
2024-09-20 10:45:52.074 +02:00 [INF] Executed ViewResult - view Table executed in 20.2866ms.
2024-09-20 10:45:52.075 +02:00 [INF] Executed action MyShop.Controllers.ItemController.Table (MyShop) in 132.059ms
2024-09-20 10:45:52.075 +02:00 [INF] Executed endpoint 'MyShop.Controllers.ItemController.Table (MyShop)'
2024-09-20 10:45:52.081 +02:00 [INF] Request finished HTTP/1.1 GET http://localhost:5259/Item/Table - 200 null text/html; charset=utf-8 146.9869ms
2024-09-20 10:45:52.132 +02:00 [INF] Request starting HTTP/1.1 GET http://localhost:5259/images/frenchfries.jpg - null null
2024-09-20 10:45:52.131 +02:00 [INF] Request starting HTTP/1.1 GET http://localhost:5259/images/chickenleg.jpg - null null
2024-09-20 10:45:52.133 +02:00 [INF] The file /images/chickenleg.jpg was not modified
2024-09-20 10:45:52.134 +02:00 [INF] The file /images/frenchfries.jpg was not modified
2024-09-20 10:45:52.137 +02:00 [INF] Request finished HTTP/1.1 GET http://localhost:5259/images/chickenleg.jpg - 304 null image/jpeg 4.6652ms
2024-09-20 10:45:52.137 +02:00 [INF] Request finished HTTP/1.1 GET http://localhost:5259/images/frenchfries.jpg - 304 null image/jpeg 4.5607ms
2024-09-20 10:45:52.139 +02:00 [INF] Request starting HTTP/1.1 GET http://localhost:5259/images/ribs.jpg - null null
2024-09-20 10:45:52.139 +02:00 [INF] Request starting HTTP/1.1 GET http://localhost:5259/images/coke.jpg - null null
2024-09-20 10:45:52.139 +02:00 [INF] Request starting HTTP/1.1 GET http://localhost:5259/images/cider.jpg - null null
2024-09-20 10:45:52.140 +02:00 [INF] The file /images/ribs.jpg was not modified
2024-09-20 10:45:52.140 +02:00 [INF] The file /images/coke.jpg was not modified
2024-09-20 10:45:52.140 +02:00 [INF] Request finished HTTP/1.1 GET http://localhost:5259/images/ribs.jpg - 304 null image/jpeg 1.6106ms
2024-09-20 10:45:52.140 +02:00 [INF] Request finished HTTP/1.1 GET http://localhost:5259/images/coke.jpg - 304 null image/jpeg 1.4534ms
2024-09-20 10:45:52.140 +02:00 [INF] The file /images/cider.jpg was not modified
2024-09-20 10:45:52.141 +02:00 [INF] Request finished HTTP/1.1 GET http://localhost:5259/images/cider.jpg - 304 null image/jpeg 1.8023ms
2024-09-20 10:45:53.264 +02:00 [INF] Request starting HTTP/1.1 GET http://localhost:5259/Item/Details/1 - null null
2024-09-20 10:45:53.267 +02:00 [INF] Executing endpoint 'MyShop.Controllers.ItemController.Details (MyShop)'
2024-09-20 10:45:53.281 +02:00 [INF] Route matched with {action = "Details", controller = "Item"}. Executing controller action with signature System.Threading.Tasks.Task`1[Microsoft.AspNetCore.Mvc.IActionResult] Details(Int32) on controller MyShop.Controllers.ItemController (MyShop).
2024-09-20 10:45:53.387 +02:00 [INF] Executing ViewResult, running view Details.
2024-09-20 10:45:53.393 +02:00 [INF] Executed ViewResult - view Details executed in 7.3936ms.
2024-09-20 10:45:53.393 +02:00 [INF] Executed action MyShop.Controllers.ItemController.Details (MyShop) in 111.4525ms
2024-09-20 10:45:53.393 +02:00 [INF] Executed endpoint 'MyShop.Controllers.ItemController.Details (MyShop)'
2024-09-20 10:45:53.393 +02:00 [INF] Request finished HTTP/1.1 GET http://localhost:5259/Item/Details/1 - 200 null text/html; charset=utf-8 129.4254ms
2024-09-20 10:46:00.811 +02:00 [INF] Request starting HTTP/1.1 GET http://localhost:5259/Item/Table - null null
2024-09-20 10:46:00.812 +02:00 [INF] Executing endpoint 'MyShop.Controllers.ItemController.Table (MyShop)'
2024-09-20 10:46:00.812 +02:00 [INF] Route matched with {action = "Table", controller = "Item"}. Executing controller action with signature System.Threading.Tasks.Task`1[Microsoft.AspNetCore.Mvc.IActionResult] Table() on controller MyShop.Controllers.ItemController (MyShop).
2024-09-20 10:46:00.817 +02:00 [INF] This is an information message.
2024-09-20 10:46:00.821 +02:00 [WRN] This is a warning message
2024-09-20 10:46:00.824 +02:00 [ERR] This is an error message.
2024-09-20 10:46:00.829 +02:00 [INF] Executing ViewResult, running view Table.
2024-09-20 10:46:00.833 +02:00 [INF] Executed ViewResult - view Table executed in 3.7387ms.
2024-09-20 10:46:00.833 +02:00 [INF] Executed action MyShop.Controllers.ItemController.Table (MyShop) in 21.127ms
2024-09-20 10:46:00.834 +02:00 [INF] Executed endpoint 'MyShop.Controllers.ItemController.Table (MyShop)'
2024-09-20 10:46:00.834 +02:00 [INF] Request finished HTTP/1.1 GET http://localhost:5259/Item/Table - 200 null text/html; charset=utf-8 23.4898ms
2024-09-20 10:46:03.280 +02:00 [INF] Request starting HTTP/1.1 GET http://localhost:5259/Item/Update/4 - null null
2024-09-20 10:46:03.281 +02:00 [INF] Executing endpoint 'MyShop.Controllers.ItemController.Update (MyShop)'
2024-09-20 10:46:03.287 +02:00 [INF] Route matched with {action = "Update", controller = "Item"}. Executing controller action with signature System.Threading.Tasks.Task`1[Microsoft.AspNetCore.Mvc.IActionResult] Update(Int32) on controller MyShop.Controllers.ItemController (MyShop).
2024-09-20 10:46:03.299 +02:00 [INF] Executing ViewResult, running view Update.
2024-09-20 10:46:03.354 +02:00 [INF] Executed ViewResult - view Update executed in 56.9103ms.
2024-09-20 10:46:03.354 +02:00 [INF] Executed action MyShop.Controllers.ItemController.Update (MyShop) in 66.8822ms
2024-09-20 10:46:03.354 +02:00 [INF] Executed endpoint 'MyShop.Controllers.ItemController.Update (MyShop)'
2024-09-20 10:46:03.355 +02:00 [INF] Request finished HTTP/1.1 GET http://localhost:5259/Item/Update/4 - 200 null text/html; charset=utf-8 74.8501ms
2024-09-20 10:46:04.704 +02:00 [INF] Request starting HTTP/1.1 GET http://localhost:5259/Item/Table - null null
2024-09-20 10:46:04.705 +02:00 [INF] Executing endpoint 'MyShop.Controllers.ItemController.Table (MyShop)'
2024-09-20 10:46:04.705 +02:00 [INF] Route matched with {action = "Table", controller = "Item"}. Executing controller action with signature System.Threading.Tasks.Task`1[Microsoft.AspNetCore.Mvc.IActionResult] Table() on controller MyShop.Controllers.ItemController (MyShop).
2024-09-20 10:46:04.709 +02:00 [INF] This is an information message.
2024-09-20 10:46:04.741 +02:00 [WRN] This is a warning message
2024-09-20 10:46:04.744 +02:00 [ERR] This is an error message.
2024-09-20 10:46:04.750 +02:00 [INF] Executing ViewResult, running view Table.
2024-09-20 10:46:04.753 +02:00 [INF] Executed ViewResult - view Table executed in 2.3793ms.
2024-09-20 10:46:04.753 +02:00 [INF] Executed action MyShop.Controllers.ItemController.Table (MyShop) in 47.8003ms
2024-09-20 10:46:04.753 +02:00 [INF] Executed endpoint 'MyShop.Controllers.ItemController.Table (MyShop)'
2024-09-20 10:46:04.753 +02:00 [INF] Request finished HTTP/1.1 GET http://localhost:5259/Item/Table - 200 null text/html; charset=utf-8 49.1158ms
