2024-09-20 11:17:34.385 +02:00 [INF] User profile is available. Using 'C:\Users\Martin\AppData\Local\ASP.NET\DataProtection-Keys' as key repository and Windows DPAPI to encrypt keys at rest.
2024-09-20 11:17:34.563 +02:00 [INF] Now listening on: https://localhost:7129
2024-09-20 11:17:34.566 +02:00 [INF] Now listening on: http://localhost:5259
2024-09-20 11:17:34.575 +02:00 [INF] Application started. Press Ctrl+C to shut down.
2024-09-20 11:17:34.580 +02:00 [INF] Hosting environment: Development
2024-09-20 11:17:34.583 +02:00 [INF] Content root path: C:\Users\Martin\MyShop
2024-09-20 11:17:34.798 +02:00 [INF] Request starting HTTP/1.1 GET http://localhost:5259/ - null null
2024-09-20 11:17:34.825 +02:00 [INF] Executing endpoint 'MyShop.Controllers.HomeController.Index (MyShop)'
2024-09-20 11:17:34.836 +02:00 [INF] Route matched with {action = "Index", controller = "Home"}. Executing controller action with signature Microsoft.AspNetCore.Mvc.IActionResult Index() on controller MyShop.Controllers.HomeController (MyShop).
2024-09-20 11:17:34.852 +02:00 [INF] Executing ViewResult, running view Index.
2024-09-20 11:17:34.920 +02:00 [INF] Executed ViewResult - view Index executed in 75.8847ms.
2024-09-20 11:17:34.922 +02:00 [INF] Executed action MyShop.Controllers.HomeController.Index (MyShop) in 85.519ms
2024-09-20 11:17:34.922 +02:00 [INF] Executed endpoint 'MyShop.Controllers.HomeController.Index (MyShop)'
2024-09-20 11:17:34.926 +02:00 [INF] Request finished HTTP/1.1 GET http://localhost:5259/ - 200 null text/html; charset=utf-8 129.102ms
2024-09-20 11:17:34.950 +02:00 [INF] Request starting HTTP/1.1 GET http://localhost:5259/js/bootstrap.js - null null
2024-09-20 11:17:34.950 +02:00 [INF] Request starting HTTP/1.1 GET http://localhost:5259/js/jquery.min.js - null null
2024-09-20 11:17:34.951 +02:00 [INF] Request starting HTTP/1.1 GET http://localhost:5259/js/jquery.validate.unobtrusive.js - null null
2024-09-20 11:17:34.951 +02:00 [INF] Request starting HTTP/1.1 GET http://localhost:5259/js/jquery.validate.js - null null
2024-09-20 11:17:34.951 +02:00 [INF] Request starting HTTP/1.1 GET http://localhost:5259/images/pizza.jpg - null null
2024-09-20 11:17:34.951 +02:00 [INF] Request starting HTTP/1.1 GET http://localhost:5259/images/fishandchips.jpg - null null
2024-09-20 11:17:34.973 +02:00 [INF] The file /images/pizza.jpg was not modified
2024-09-20 11:17:34.973 +02:00 [INF] The file /images/fishandchips.jpg was not modified
2024-09-20 11:17:34.973 +02:00 [INF] The file /js/bootstrap.js was not modified
2024-09-20 11:17:34.973 +02:00 [INF] The file /js/jquery.min.js was not modified
2024-09-20 11:17:34.974 +02:00 [INF] Request finished HTTP/1.1 GET http://localhost:5259/js/bootstrap.js - 304 null text/javascript 23.0019ms
2024-09-20 11:17:34.974 +02:00 [INF] Request finished HTTP/1.1 GET http://localhost:5259/images/pizza.jpg - 304 null image/jpeg 22.6418ms
2024-09-20 11:17:34.974 +02:00 [INF] Request finished HTTP/1.1 GET http://localhost:5259/js/jquery.min.js - 304 null text/javascript 23.6663ms
2024-09-20 11:17:34.974 +02:00 [INF] Request finished HTTP/1.1 GET http://localhost:5259/images/fishandchips.jpg - 304 null image/jpeg 22.5242ms
2024-09-20 11:17:34.986 +02:00 [INF] Request starting HTTP/1.1 GET http://localhost:5259/images/tacos.jpg - null null
2024-09-20 11:17:34.988 +02:00 [INF] The file /images/tacos.jpg was not modified
2024-09-20 11:17:34.988 +02:00 [INF] Request finished HTTP/1.1 GET http://localhost:5259/images/tacos.jpg - 304 null image/jpeg 7.0983ms
2024-09-20 11:17:34.995 +02:00 [INF] Sending file. Request path: '/js/jquery.validate.unobtrusive.js'. Physical path: 'C:\Users\Martin\MyShop\wwwroot\js\jquery.validate.unobtrusive.js'
2024-09-20 11:17:34.996 +02:00 [INF] Request finished HTTP/1.1 GET http://localhost:5259/js/jquery.validate.unobtrusive.js - 200 19820 text/javascript 45.0537ms
2024-09-20 11:17:34.996 +02:00 [INF] Sending file. Request path: '/js/jquery.validate.js'. Physical path: 'C:\Users\Martin\MyShop\wwwroot\js\jquery.validate.js'
2024-09-20 11:17:34.998 +02:00 [INF] Request finished HTTP/1.1 GET http://localhost:5259/js/jquery.validate.js - 200 52536 text/javascript 47.1001ms
2024-09-20 11:17:36.674 +02:00 [INF] Request starting HTTP/1.1 GET http://localhost:5259/Item/Table - null null
2024-09-20 11:17:36.676 +02:00 [INF] Executing endpoint 'MyShop.Controllers.ItemController.Table (MyShop)'
2024-09-20 11:17:36.684 +02:00 [INF] Route matched with {action = "Table", controller = "Item"}. Executing controller action with signature System.Threading.Tasks.Task`1[Microsoft.AspNetCore.Mvc.IActionResult] Table() on controller MyShop.Controllers.ItemController (MyShop).
2024-09-20 11:17:36.787 +02:00 [INF] Executing ViewResult, running view Table.
2024-09-20 11:17:36.807 +02:00 [INF] Executed ViewResult - view Table executed in 21.2154ms.
2024-09-20 11:17:36.808 +02:00 [INF] Executed action MyShop.Controllers.ItemController.Table (MyShop) in 123.8221ms
2024-09-20 11:17:36.808 +02:00 [INF] Executed endpoint 'MyShop.Controllers.ItemController.Table (MyShop)'
2024-09-20 11:17:36.815 +02:00 [INF] Request finished HTTP/1.1 GET http://localhost:5259/Item/Table - 200 null text/html; charset=utf-8 140.9508ms
2024-09-20 11:17:36.880 +02:00 [INF] Request starting HTTP/1.1 GET http://localhost:5259/images/chickenleg.jpg - null null
2024-09-20 11:17:36.881 +02:00 [INF] The file /images/chickenleg.jpg was not modified
2024-09-20 11:17:36.881 +02:00 [INF] Request finished HTTP/1.1 GET http://localhost:5259/images/chickenleg.jpg - 304 null image/jpeg 1.3652ms
2024-09-20 11:17:36.881 +02:00 [INF] Request starting HTTP/1.1 GET http://localhost:5259/images/frenchfries.jpg - null null
2024-09-20 11:17:36.881 +02:00 [INF] Request starting HTTP/1.1 GET http://localhost:5259/images/ribs.jpg - null null
2024-09-20 11:17:36.881 +02:00 [INF] Request starting HTTP/1.1 GET http://localhost:5259/images/cider.jpg - null null
2024-09-20 11:17:36.881 +02:00 [INF] Request starting HTTP/1.1 GET http://localhost:5259/images/coke.jpg - null null
2024-09-20 11:17:36.881 +02:00 [INF] The file /images/frenchfries.jpg was not modified
2024-09-20 11:17:36.882 +02:00 [INF] The file /images/cider.jpg was not modified
2024-09-20 11:17:36.882 +02:00 [INF] The file /images/ribs.jpg was not modified
2024-09-20 11:17:36.882 +02:00 [INF] Request finished HTTP/1.1 GET http://localhost:5259/images/cider.jpg - 304 null image/jpeg 0.6434ms
2024-09-20 11:17:36.882 +02:00 [INF] Request finished HTTP/1.1 GET http://localhost:5259/images/frenchfries.jpg - 304 null image/jpeg 0.6096ms
2024-09-20 11:17:36.882 +02:00 [INF] The file /images/coke.jpg was not modified
2024-09-20 11:17:36.882 +02:00 [INF] Request finished HTTP/1.1 GET http://localhost:5259/images/ribs.jpg - 304 null image/jpeg 0.7921ms
2024-09-20 11:17:36.882 +02:00 [INF] Request finished HTTP/1.1 GET http://localhost:5259/images/coke.jpg - 304 null image/jpeg 0.8832ms
2024-09-20 11:17:38.128 +02:00 [INF] Request starting HTTP/1.1 GET http://localhost:5259/Item/Create - null null
2024-09-20 11:17:38.131 +02:00 [INF] Executing endpoint 'MyShop.Controllers.ItemController.Create (MyShop)'
2024-09-20 11:17:38.134 +02:00 [INF] Route matched with {action = "Create", controller = "Item"}. Executing controller action with signature Microsoft.AspNetCore.Mvc.IActionResult Create() on controller MyShop.Controllers.ItemController (MyShop).
2024-09-20 11:17:38.138 +02:00 [INF] Executing ViewResult, running view Create.
2024-09-20 11:17:38.219 +02:00 [INF] Executed ViewResult - view Create executed in 83.21ms.
2024-09-20 11:17:38.219 +02:00 [INF] Executed action MyShop.Controllers.ItemController.Create (MyShop) in 85.0886ms
2024-09-20 11:17:38.219 +02:00 [INF] Executed endpoint 'MyShop.Controllers.ItemController.Create (MyShop)'
2024-09-20 11:17:38.219 +02:00 [INF] Request finished HTTP/1.1 GET http://localhost:5259/Item/Create - 200 null text/html; charset=utf-8 91.628ms
