2024-09-20 10:52:38.787 +02:00 [INF] User profile is available. Using 'C:\Users\Martin\AppData\Local\ASP.NET\DataProtection-Keys' as key repository and Windows DPAPI to encrypt keys at rest.
2024-09-20 10:52:38.922 +02:00 [INF] Now listening on: https://localhost:7129
2024-09-20 10:52:38.924 +02:00 [INF] Now listening on: http://localhost:5259
2024-09-20 10:52:38.930 +02:00 [INF] Application started. Press Ctrl+C to shut down.
2024-09-20 10:52:38.932 +02:00 [INF] Hosting environment: Development
2024-09-20 10:52:38.934 +02:00 [INF] Content root path: C:\Users\Martin\MyShop
2024-09-20 10:52:39.103 +02:00 [INF] Request starting HTTP/1.1 GET http://localhost:5259/ - null null
2024-09-20 10:52:39.127 +02:00 [INF] Executing endpoint 'MyShop.Controllers.HomeController.Index (MyShop)'
2024-09-20 10:52:39.138 +02:00 [INF] Route matched with {action = "Index", controller = "Home"}. Executing controller action with signature Microsoft.AspNetCore.Mvc.IActionResult Index() on controller MyShop.Controllers.HomeController (MyShop).
2024-09-20 10:52:39.146 +02:00 [INF] Executing ViewResult, running view Index.
2024-09-20 10:52:39.214 +02:00 [INF] Executed ViewResult - view Index executed in 69.8291ms.
2024-09-20 10:52:39.216 +02:00 [INF] Executed action MyShop.Controllers.HomeController.Index (MyShop) in 78.4584ms
2024-09-20 10:52:39.217 +02:00 [INF] Executed endpoint 'MyShop.Controllers.HomeController.Index (MyShop)'
2024-09-20 10:52:39.219 +02:00 [INF] Request finished HTTP/1.1 GET http://localhost:5259/ - 200 null text/html; charset=utf-8 118.378ms
2024-09-20 10:52:39.250 +02:00 [INF] Request starting HTTP/1.1 GET http://localhost:5259/images/pizza.jpg - null null
2024-09-20 10:52:39.250 +02:00 [INF] Request starting HTTP/1.1 GET http://localhost:5259/js/jquery.min.js - null null
2024-09-20 10:52:39.250 +02:00 [INF] Request starting HTTP/1.1 GET http://localhost:5259/images/fishandchips.jpg - null null
2024-09-20 10:52:39.250 +02:00 [INF] Request starting HTTP/1.1 GET http://localhost:5259/js/bootstrap.js - null null
2024-09-20 10:52:39.265 +02:00 [INF] The file /js/jquery.min.js was not modified
2024-09-20 10:52:39.265 +02:00 [INF] The file /images/pizza.jpg was not modified
2024-09-20 10:52:39.265 +02:00 [INF] The file /images/fishandchips.jpg was not modified
2024-09-20 10:52:39.265 +02:00 [INF] The file /js/bootstrap.js was not modified
2024-09-20 10:52:39.266 +02:00 [INF] Request finished HTTP/1.1 GET http://localhost:5259/images/fishandchips.jpg - 304 null image/jpeg 16.0868ms
2024-09-20 10:52:39.266 +02:00 [INF] Request finished HTTP/1.1 GET http://localhost:5259/js/bootstrap.js - 304 null text/javascript 16.0942ms
2024-09-20 10:52:39.266 +02:00 [INF] Request finished HTTP/1.1 GET http://localhost:5259/images/pizza.jpg - 304 null image/jpeg 16.0928ms
2024-09-20 10:52:39.266 +02:00 [INF] Request finished HTTP/1.1 GET http://localhost:5259/js/jquery.min.js - 304 null text/javascript 16.0936ms
2024-09-20 10:52:39.273 +02:00 [INF] Request starting HTTP/1.1 GET http://localhost:5259/images/tacos.jpg - null null
2024-09-20 10:52:39.274 +02:00 [INF] The file /images/tacos.jpg was not modified
2024-09-20 10:52:39.274 +02:00 [INF] Request finished HTTP/1.1 GET http://localhost:5259/images/tacos.jpg - 304 null image/jpeg 1.1447ms
2024-09-20 10:52:40.532 +02:00 [INF] Request starting HTTP/1.1 GET http://localhost:5259/Item/Table - null null
2024-09-20 10:52:40.533 +02:00 [INF] Executing endpoint 'MyShop.Controllers.ItemController.Table (MyShop)'
2024-09-20 10:52:40.539 +02:00 [INF] Route matched with {action = "Table", controller = "Item"}. Executing controller action with signature System.Threading.Tasks.Task`1[Microsoft.AspNetCore.Mvc.IActionResult] Table() on controller MyShop.Controllers.ItemController (MyShop).
2024-09-20 10:52:40.612 +02:00 [INF] Executing ViewResult, running view Table.
2024-09-20 10:52:40.626 +02:00 [INF] Executed ViewResult - view Table executed in 14.9874ms.
2024-09-20 10:52:40.627 +02:00 [INF] Executed action MyShop.Controllers.ItemController.Table (MyShop) in 87.9042ms
2024-09-20 10:52:40.627 +02:00 [INF] Executed endpoint 'MyShop.Controllers.ItemController.Table (MyShop)'
2024-09-20 10:52:40.630 +02:00 [INF] Request finished HTTP/1.1 GET http://localhost:5259/Item/Table - 200 null text/html; charset=utf-8 98.6803ms
2024-09-20 10:52:40.659 +02:00 [INF] Request starting HTTP/1.1 GET http://localhost:5259/images/chickenleg.jpg - null null
2024-09-20 10:52:40.660 +02:00 [INF] The file /images/chickenleg.jpg was not modified
2024-09-20 10:52:40.661 +02:00 [INF] Request starting HTTP/1.1 GET http://localhost:5259/images/ribs.jpg - null null
2024-09-20 10:52:40.661 +02:00 [INF] The file /images/ribs.jpg was not modified
2024-09-20 10:52:40.661 +02:00 [INF] Request starting HTTP/1.1 GET http://localhost:5259/images/frenchfries.jpg - null null
2024-09-20 10:52:40.661 +02:00 [INF] Request finished HTTP/1.1 GET http://localhost:5259/images/ribs.jpg - 304 null image/jpeg 0.5416ms
2024-09-20 10:52:40.661 +02:00 [INF] Request finished HTTP/1.1 GET http://localhost:5259/images/chickenleg.jpg - 304 null image/jpeg 1.0457ms
2024-09-20 10:52:40.661 +02:00 [INF] The file /images/frenchfries.jpg was not modified
2024-09-20 10:52:40.662 +02:00 [INF] Request starting HTTP/1.1 GET http://localhost:5259/images/coke.jpg - null null
2024-09-20 10:52:40.662 +02:00 [INF] The file /images/coke.jpg was not modified
2024-09-20 10:52:40.662 +02:00 [INF] Request finished HTTP/1.1 GET http://localhost:5259/images/frenchfries.jpg - 304 null image/jpeg 1.9341ms
2024-09-20 10:52:40.662 +02:00 [INF] Request finished HTTP/1.1 GET http://localhost:5259/images/coke.jpg - 304 null image/jpeg 0.3523ms
2024-09-20 10:52:40.661 +02:00 [INF] Request starting HTTP/1.1 GET http://localhost:5259/images/cider.jpg - null null
2024-09-20 10:52:40.663 +02:00 [INF] The file /images/cider.jpg was not modified
2024-09-20 10:52:40.664 +02:00 [INF] Request finished HTTP/1.1 GET http://localhost:5259/images/cider.jpg - 304 null image/jpeg 2.2783ms
2024-09-20 10:52:43.108 +02:00 [INF] Request starting HTTP/1.1 GET http://localhost:5259/Item/Update/1 - null null
2024-09-20 10:52:43.111 +02:00 [INF] Executing endpoint 'MyShop.Controllers.ItemController.Update (MyShop)'
2024-09-20 10:52:43.125 +02:00 [INF] Route matched with {action = "Update", controller = "Item"}. Executing controller action with signature System.Threading.Tasks.Task`1[Microsoft.AspNetCore.Mvc.IActionResult] Update(Int32) on controller MyShop.Controllers.ItemController (MyShop).
2024-09-20 10:52:43.225 +02:00 [INF] Executing ViewResult, running view Update.
2024-09-20 10:52:43.291 +02:00 [INF] Executed ViewResult - view Update executed in 67.1858ms.
2024-09-20 10:52:43.291 +02:00 [INF] Executed action MyShop.Controllers.ItemController.Update (MyShop) in 166.4789ms
2024-09-20 10:52:43.292 +02:00 [INF] Executed endpoint 'MyShop.Controllers.ItemController.Update (MyShop)'
2024-09-20 10:52:43.292 +02:00 [INF] Request finished HTTP/1.1 GET http://localhost:5259/Item/Update/1 - 200 null text/html; charset=utf-8 183.8993ms
2024-09-20 10:52:47.104 +02:00 [INF] Request starting HTTP/1.1 POST http://localhost:5259/Item/Update/1 - application/x-www-form-urlencoded 356
2024-09-20 10:52:47.106 +02:00 [INF] Executing endpoint 'MyShop.Controllers.ItemController.Update (MyShop)'
2024-09-20 10:52:47.120 +02:00 [INF] Route matched with {action = "Update", controller = "Item"}. Executing controller action with signature System.Threading.Tasks.Task`1[Microsoft.AspNetCore.Mvc.IActionResult] Update(MyShop.Models.Item) on controller MyShop.Controllers.ItemController (MyShop).
2024-09-20 10:52:47.160 +02:00 [WRN] [ItemController] Item update failed {"ItemId":1,"Name":"Pizza","Price":0,"Description":"Delicious Italian dish with a thin crust topped with tomato sauce, cheese, and various toppings.","ImageUrl":"/images/pizza.jpg","OrderItems":null,"$type":"Item"}
2024-09-20 10:52:47.162 +02:00 [INF] Executing ViewResult, running view Update.
2024-09-20 10:52:47.167 +02:00 [INF] Executed ViewResult - view Update executed in 5.1214ms.
2024-09-20 10:52:47.167 +02:00 [INF] Executed action MyShop.Controllers.ItemController.Update (MyShop) in 46.934ms
2024-09-20 10:52:47.167 +02:00 [INF] Executed endpoint 'MyShop.Controllers.ItemController.Update (MyShop)'
2024-09-20 10:52:47.167 +02:00 [INF] Request finished HTTP/1.1 POST http://localhost:5259/Item/Update/1 - 200 null text/html; charset=utf-8 63.5842ms
2024-09-20 10:56:37.222 +02:00 [INF] Request starting HTTP/1.1 GET http://localhost:5259/Item/Table - null null
2024-09-20 10:56:37.224 +02:00 [INF] Executing endpoint 'MyShop.Controllers.ItemController.Table (MyShop)'
2024-09-20 10:56:37.225 +02:00 [INF] Route matched with {action = "Table", controller = "Item"}. Executing controller action with signature System.Threading.Tasks.Task`1[Microsoft.AspNetCore.Mvc.IActionResult] Table() on controller MyShop.Controllers.ItemController (MyShop).
2024-09-20 10:56:37.235 +02:00 [INF] Executing ViewResult, running view Table.
2024-09-20 10:56:37.239 +02:00 [INF] Executed ViewResult - view Table executed in 3.3775ms.
2024-09-20 10:56:37.239 +02:00 [INF] Executed action MyShop.Controllers.ItemController.Table (MyShop) in 14.1288ms
2024-09-20 10:56:37.239 +02:00 [INF] Executed endpoint 'MyShop.Controllers.ItemController.Table (MyShop)'
2024-09-20 10:56:37.239 +02:00 [INF] Request finished HTTP/1.1 GET http://localhost:5259/Item/Table - 200 null text/html; charset=utf-8 17.0415ms
2024-09-20 10:56:37.271 +02:00 [INF] Request starting HTTP/1.1 GET http://localhost:5259/js/bootstrap.js - null null
2024-09-20 10:56:37.271 +02:00 [INF] Request starting HTTP/1.1 GET http://localhost:5259/js/jquery.min.js - null null
2024-09-20 10:56:37.275 +02:00 [INF] The file /js/bootstrap.js was not modified
2024-09-20 10:56:37.275 +02:00 [INF] The file /js/jquery.min.js was not modified
2024-09-20 10:56:37.275 +02:00 [INF] Request finished HTTP/1.1 GET http://localhost:5259/js/jquery.min.js - 304 null text/javascript 4.164ms
2024-09-20 10:56:37.276 +02:00 [INF] Request finished HTTP/1.1 GET http://localhost:5259/js/bootstrap.js - 304 null text/javascript 4.1826ms
2024-09-20 10:56:37.288 +02:00 [INF] Request starting HTTP/1.1 GET http://localhost:5259/images/fishandchips.jpg - null null
2024-09-20 10:56:37.288 +02:00 [INF] Request starting HTTP/1.1 GET http://localhost:5259/images/pizza.jpg - null null
2024-09-20 10:56:37.288 +02:00 [INF] Request starting HTTP/1.1 GET http://localhost:5259/images/tacos.jpg - null null
2024-09-20 10:56:37.290 +02:00 [INF] The file /images/tacos.jpg was not modified
2024-09-20 10:56:37.290 +02:00 [INF] The file /images/fishandchips.jpg was not modified
2024-09-20 10:56:37.290 +02:00 [INF] The file /images/pizza.jpg was not modified
2024-09-20 10:56:37.293 +02:00 [INF] Request finished HTTP/1.1 GET http://localhost:5259/images/fishandchips.jpg - 304 null image/jpeg 3.9561ms
2024-09-20 10:56:37.293 +02:00 [INF] Request finished HTTP/1.1 GET http://localhost:5259/images/tacos.jpg - 304 null image/jpeg 3.9562ms
2024-09-20 10:56:37.293 +02:00 [INF] Request finished HTTP/1.1 GET http://localhost:5259/images/pizza.jpg - 304 null image/jpeg 3.9569ms
2024-09-20 10:56:40.608 +02:00 [INF] Request starting HTTP/1.1 GET http://localhost:5259/Item/Create - null null
2024-09-20 10:56:40.609 +02:00 [INF] Executing endpoint 'MyShop.Controllers.ItemController.Create (MyShop)'
2024-09-20 10:56:40.611 +02:00 [INF] Route matched with {action = "Create", controller = "Item"}. Executing controller action with signature Microsoft.AspNetCore.Mvc.IActionResult Create() on controller MyShop.Controllers.ItemController (MyShop).
2024-09-20 10:56:40.614 +02:00 [INF] Executing ViewResult, running view Create.
2024-09-20 10:56:40.630 +02:00 [INF] Executed ViewResult - view Create executed in 18.1578ms.
2024-09-20 10:56:40.630 +02:00 [INF] Executed action MyShop.Controllers.ItemController.Create (MyShop) in 18.9689ms
2024-09-20 10:56:40.630 +02:00 [INF] Executed endpoint 'MyShop.Controllers.ItemController.Create (MyShop)'
2024-09-20 10:56:40.630 +02:00 [INF] Request finished HTTP/1.1 GET http://localhost:5259/Item/Create - 200 null text/html; charset=utf-8 22.1494ms
2024-09-20 10:56:46.386 +02:00 [INF] Request starting HTTP/1.1 POST http://localhost:5259/Item/Create - application/x-www-form-urlencoded 225
2024-09-20 10:56:46.387 +02:00 [INF] Executing endpoint 'MyShop.Controllers.ItemController.Create (MyShop)'
2024-09-20 10:56:46.391 +02:00 [INF] Route matched with {action = "Create", controller = "Item"}. Executing controller action with signature System.Threading.Tasks.Task`1[Microsoft.AspNetCore.Mvc.IActionResult] Create(MyShop.Models.Item) on controller MyShop.Controllers.ItemController (MyShop).
2024-09-20 10:56:46.397 +02:00 [WRN] [ItemController] Item creation failed {"ItemId":0,"Name":"Pepsi","Price":0,"Description":"Pe","ImageUrl":null,"OrderItems":null,"$type":"Item"}
2024-09-20 10:56:46.397 +02:00 [INF] Executing ViewResult, running view Create.
2024-09-20 10:56:46.399 +02:00 [INF] Executed ViewResult - view Create executed in 1.6428ms.
2024-09-20 10:56:46.399 +02:00 [INF] Executed action MyShop.Controllers.ItemController.Create (MyShop) in 7.6351ms
2024-09-20 10:56:46.399 +02:00 [INF] Executed endpoint 'MyShop.Controllers.ItemController.Create (MyShop)'
2024-09-20 10:56:46.399 +02:00 [INF] Request finished HTTP/1.1 POST http://localhost:5259/Item/Create - 200 null text/html; charset=utf-8 12.5838ms
2024-09-20 10:56:48.163 +02:00 [INF] Request starting HTTP/1.1 POST http://localhost:5259/Item/Create - application/x-www-form-urlencoded 225
2024-09-20 10:56:48.164 +02:00 [INF] Executing endpoint 'MyShop.Controllers.ItemController.Create (MyShop)'
2024-09-20 10:56:48.164 +02:00 [INF] Route matched with {action = "Create", controller = "Item"}. Executing controller action with signature System.Threading.Tasks.Task`1[Microsoft.AspNetCore.Mvc.IActionResult] Create(MyShop.Models.Item) on controller MyShop.Controllers.ItemController (MyShop).
2024-09-20 10:56:48.171 +02:00 [WRN] [ItemController] Item creation failed {"ItemId":0,"Name":"Pepsi","Price":0,"Description":"Pe","ImageUrl":null,"OrderItems":null,"$type":"Item"}
2024-09-20 10:56:48.172 +02:00 [INF] Executing ViewResult, running view Create.
2024-09-20 10:56:48.174 +02:00 [INF] Executed ViewResult - view Create executed in 2.5432ms.
2024-09-20 10:56:48.174 +02:00 [INF] Executed action MyShop.Controllers.ItemController.Create (MyShop) in 10.0482ms
2024-09-20 10:56:48.174 +02:00 [INF] Executed endpoint 'MyShop.Controllers.ItemController.Create (MyShop)'
2024-09-20 10:56:48.174 +02:00 [INF] Request finished HTTP/1.1 POST http://localhost:5259/Item/Create - 200 null text/html; charset=utf-8 10.9585ms
