2024-09-20 10:57:34.675 +02:00 [INF] User profile is available. Using 'C:\Users\Martin\AppData\Local\ASP.NET\DataProtection-Keys' as key repository and Windows DPAPI to encrypt keys at rest.
2024-09-20 10:57:34.828 +02:00 [INF] Now listening on: https://localhost:7129
2024-09-20 10:57:34.830 +02:00 [INF] Now listening on: http://localhost:5259
2024-09-20 10:57:34.837 +02:00 [INF] Application started. Press Ctrl+C to shut down.
2024-09-20 10:57:34.839 +02:00 [INF] Hosting environment: Development
2024-09-20 10:57:34.841 +02:00 [INF] Content root path: C:\Users\Martin\MyShop
2024-09-20 10:57:35.037 +02:00 [INF] Request starting HTTP/1.1 GET http://localhost:5259/ - null null
2024-09-20 10:57:35.066 +02:00 [INF] Executing endpoint 'MyShop.Controllers.HomeController.Index (MyShop)'
2024-09-20 10:57:35.077 +02:00 [INF] Route matched with {action = "Index", controller = "Home"}. Executing controller action with signature Microsoft.AspNetCore.Mvc.IActionResult Index() on controller MyShop.Controllers.HomeController (MyShop).
2024-09-20 10:57:35.088 +02:00 [INF] Executing ViewResult, running view Index.
2024-09-20 10:57:35.162 +02:00 [INF] Executed ViewResult - view Index executed in 74.2872ms.
2024-09-20 10:57:35.165 +02:00 [INF] Executed action MyShop.Controllers.HomeController.Index (MyShop) in 87.2445ms
2024-09-20 10:57:35.165 +02:00 [INF] Executed endpoint 'MyShop.Controllers.HomeController.Index (MyShop)'
2024-09-20 10:57:35.168 +02:00 [INF] Request finished HTTP/1.1 GET http://localhost:5259/ - 200 null text/html; charset=utf-8 134.1072ms
2024-09-20 10:57:37.163 +02:00 [INF] Request starting HTTP/1.1 GET http://localhost:5259/Item/Table - null null
2024-09-20 10:57:37.167 +02:00 [INF] Executing endpoint 'MyShop.Controllers.ItemController.Table (MyShop)'
2024-09-20 10:57:37.175 +02:00 [INF] Route matched with {action = "Table", controller = "Item"}. Executing controller action with signature System.Threading.Tasks.Task`1[Microsoft.AspNetCore.Mvc.IActionResult] Table() on controller MyShop.Controllers.ItemController (MyShop).
2024-09-20 10:57:37.269 +02:00 [INF] Executing ViewResult, running view Table.
2024-09-20 10:57:37.289 +02:00 [INF] Executed ViewResult - view Table executed in 21.6076ms.
2024-09-20 10:57:37.289 +02:00 [INF] Executed action MyShop.Controllers.ItemController.Table (MyShop) in 114.5819ms
2024-09-20 10:57:37.290 +02:00 [INF] Executed endpoint 'MyShop.Controllers.ItemController.Table (MyShop)'
2024-09-20 10:57:37.296 +02:00 [INF] Request finished HTTP/1.1 GET http://localhost:5259/Item/Table - 200 null text/html; charset=utf-8 132.9438ms
2024-09-20 10:57:37.352 +02:00 [INF] Request starting HTTP/1.1 GET http://localhost:5259/images/chickenleg.jpg - null null
2024-09-20 10:57:37.355 +02:00 [INF] Request starting HTTP/1.1 GET http://localhost:5259/images/frenchfries.jpg - null null
2024-09-20 10:57:37.355 +02:00 [INF] Request starting HTTP/1.1 GET http://localhost:5259/images/ribs.jpg - null null
2024-09-20 10:57:37.356 +02:00 [INF] Request starting HTTP/1.1 GET http://localhost:5259/images/cider.jpg - null null
2024-09-20 10:57:37.363 +02:00 [INF] Request starting HTTP/1.1 GET http://localhost:5259/images/coke.jpg - null null
2024-09-20 10:57:37.378 +02:00 [INF] The file /images/ribs.jpg was not modified
2024-09-20 10:57:37.378 +02:00 [INF] The file /images/coke.jpg was not modified
2024-09-20 10:57:37.378 +02:00 [INF] The file /images/chickenleg.jpg was not modified
2024-09-20 10:57:37.378 +02:00 [INF] The file /images/cider.jpg was not modified
2024-09-20 10:57:37.378 +02:00 [INF] The file /images/frenchfries.jpg was not modified
2024-09-20 10:57:37.379 +02:00 [INF] Request finished HTTP/1.1 GET http://localhost:5259/images/coke.jpg - 304 null image/jpeg 15.9618ms
2024-09-20 10:57:37.379 +02:00 [INF] Request finished HTTP/1.1 GET http://localhost:5259/images/cider.jpg - 304 null image/jpeg 22.759ms
2024-09-20 10:57:37.379 +02:00 [INF] Request finished HTTP/1.1 GET http://localhost:5259/images/frenchfries.jpg - 304 null image/jpeg 24.1987ms
2024-09-20 10:57:37.379 +02:00 [INF] Request finished HTTP/1.1 GET http://localhost:5259/images/ribs.jpg - 304 null image/jpeg 23.7218ms
2024-09-20 10:57:37.380 +02:00 [INF] Request finished HTTP/1.1 GET http://localhost:5259/images/chickenleg.jpg - 304 null image/jpeg 27.0692ms
2024-09-20 10:57:39.152 +02:00 [INF] Request starting HTTP/1.1 GET http://localhost:5259/Item/Update/1 - null null
2024-09-20 10:57:39.155 +02:00 [INF] Executing endpoint 'MyShop.Controllers.ItemController.Update (MyShop)'
2024-09-20 10:57:39.168 +02:00 [INF] Route matched with {action = "Update", controller = "Item"}. Executing controller action with signature System.Threading.Tasks.Task`1[Microsoft.AspNetCore.Mvc.IActionResult] Update(Int32) on controller MyShop.Controllers.ItemController (MyShop).
2024-09-20 10:57:39.267 +02:00 [INF] Executing ViewResult, running view Update.
2024-09-20 10:57:39.328 +02:00 [INF] Executed ViewResult - view Update executed in 62.8949ms.
2024-09-20 10:57:39.329 +02:00 [INF] Executed action MyShop.Controllers.ItemController.Update (MyShop) in 160.7304ms
2024-09-20 10:57:39.329 +02:00 [INF] Executed endpoint 'MyShop.Controllers.ItemController.Update (MyShop)'
2024-09-20 10:57:39.329 +02:00 [INF] Request finished HTTP/1.1 GET http://localhost:5259/Item/Update/1 - 200 null text/html; charset=utf-8 177.4193ms
2024-09-20 10:57:42.553 +02:00 [INF] Request starting HTTP/1.1 POST http://localhost:5259/Item/Update/1 - application/x-www-form-urlencoded 353
2024-09-20 10:57:42.556 +02:00 [INF] Executing endpoint 'MyShop.Controllers.ItemController.Update (MyShop)'
2024-09-20 10:57:42.577 +02:00 [INF] Route matched with {action = "Update", controller = "Item"}. Executing controller action with signature System.Threading.Tasks.Task`1[Microsoft.AspNetCore.Mvc.IActionResult] Update(MyShop.Models.Item) on controller MyShop.Controllers.ItemController (MyShop).
2024-09-20 10:57:42.611 +02:00 [WRN] [ItemController] Item update failed {"ItemId":1,"Name":"Pizza","Price":0,"Description":"Delicious Italian dish with a thin crust topped with tomato sauce, cheese, and various toppings.","ImageUrl":"/images/pizza.jpg","OrderItems":null,"$type":"Item"}
2024-09-20 10:57:42.613 +02:00 [INF] Executing ViewResult, running view Update.
2024-09-20 10:57:42.618 +02:00 [INF] Executed ViewResult - view Update executed in 4.9793ms.
2024-09-20 10:57:42.618 +02:00 [INF] Executed action MyShop.Controllers.ItemController.Update (MyShop) in 40.7614ms
2024-09-20 10:57:42.618 +02:00 [INF] Executed endpoint 'MyShop.Controllers.ItemController.Update (MyShop)'
2024-09-20 10:57:42.618 +02:00 [INF] Request finished HTTP/1.1 POST http://localhost:5259/Item/Update/1 - 200 null text/html; charset=utf-8 65.009ms
2024-09-20 10:57:43.741 +02:00 [INF] Request starting HTTP/1.1 POST http://localhost:5259/Item/Update/1 - application/x-www-form-urlencoded 353
2024-09-20 10:57:43.742 +02:00 [INF] Executing endpoint 'MyShop.Controllers.ItemController.Update (MyShop)'
2024-09-20 10:57:43.743 +02:00 [INF] Route matched with {action = "Update", controller = "Item"}. Executing controller action with signature System.Threading.Tasks.Task`1[Microsoft.AspNetCore.Mvc.IActionResult] Update(MyShop.Models.Item) on controller MyShop.Controllers.ItemController (MyShop).
2024-09-20 10:57:43.754 +02:00 [WRN] [ItemController] Item update failed {"ItemId":1,"Name":"Pizza","Price":0,"Description":"Delicious Italian dish with a thin crust topped with tomato sauce, cheese, and various toppings.","ImageUrl":"/images/pizza.jpg","OrderItems":null,"$type":"Item"}
2024-09-20 10:57:43.754 +02:00 [INF] Executing ViewResult, running view Update.
2024-09-20 10:57:43.756 +02:00 [INF] Executed ViewResult - view Update executed in 2.3473ms.
2024-09-20 10:57:43.756 +02:00 [INF] Executed action MyShop.Controllers.ItemController.Update (MyShop) in 13.5619ms
2024-09-20 10:57:43.757 +02:00 [INF] Executed endpoint 'MyShop.Controllers.ItemController.Update (MyShop)'
2024-09-20 10:57:43.757 +02:00 [INF] Request finished HTTP/1.1 POST http://localhost:5259/Item/Update/1 - 200 null text/html; charset=utf-8 15.309ms
2024-09-20 10:57:44.512 +02:00 [INF] Request starting HTTP/1.1 GET http://localhost:5259/Item/Table - null null
2024-09-20 10:57:44.513 +02:00 [INF] Executing endpoint 'MyShop.Controllers.ItemController.Table (MyShop)'
2024-09-20 10:57:44.513 +02:00 [INF] Route matched with {action = "Table", controller = "Item"}. Executing controller action with signature System.Threading.Tasks.Task`1[Microsoft.AspNetCore.Mvc.IActionResult] Table() on controller MyShop.Controllers.ItemController (MyShop).
2024-09-20 10:57:44.520 +02:00 [INF] Executing ViewResult, running view Table.
2024-09-20 10:57:44.523 +02:00 [INF] Executed ViewResult - view Table executed in 2.3691ms.
2024-09-20 10:57:44.523 +02:00 [INF] Executed action MyShop.Controllers.ItemController.Table (MyShop) in 9.5959ms
2024-09-20 10:57:44.523 +02:00 [INF] Executed endpoint 'MyShop.Controllers.ItemController.Table (MyShop)'
2024-09-20 10:57:44.523 +02:00 [INF] Request finished HTTP/1.1 GET http://localhost:5259/Item/Table - 200 null text/html; charset=utf-8 11.4871ms
2024-09-20 10:57:46.894 +02:00 [INF] Request starting HTTP/1.1 GET http://localhost:5259/Item/Create - null null
2024-09-20 10:57:46.895 +02:00 [INF] Executing endpoint 'MyShop.Controllers.ItemController.Create (MyShop)'
2024-09-20 10:57:46.897 +02:00 [INF] Route matched with {action = "Create", controller = "Item"}. Executing controller action with signature Microsoft.AspNetCore.Mvc.IActionResult Create() on controller MyShop.Controllers.ItemController (MyShop).
2024-09-20 10:57:46.898 +02:00 [INF] Executing ViewResult, running view Create.
2024-09-20 10:57:46.917 +02:00 [INF] Executed ViewResult - view Create executed in 19.492ms.
2024-09-20 10:57:46.917 +02:00 [INF] Executed action MyShop.Controllers.ItemController.Create (MyShop) in 20.2896ms
2024-09-20 10:57:46.917 +02:00 [INF] Executed endpoint 'MyShop.Controllers.ItemController.Create (MyShop)'
2024-09-20 10:57:46.918 +02:00 [INF] Request finished HTTP/1.1 GET http://localhost:5259/Item/Create - 200 null text/html; charset=utf-8 23.3579ms
2024-09-20 10:57:50.795 +02:00 [INF] Request starting HTTP/1.1 POST http://localhost:5259/Item/Create - application/x-www-form-urlencoded 229
2024-09-20 10:57:50.795 +02:00 [INF] Executing endpoint 'MyShop.Controllers.ItemController.Create (MyShop)'
2024-09-20 10:57:50.800 +02:00 [INF] Route matched with {action = "Create", controller = "Item"}. Executing controller action with signature System.Threading.Tasks.Task`1[Microsoft.AspNetCore.Mvc.IActionResult] Create(MyShop.Models.Item) on controller MyShop.Controllers.ItemController (MyShop).
2024-09-20 10:57:50.807 +02:00 [WRN] [ItemController] Item creation failed {"ItemId":0,"Name":"Pepsi","Price":0,"Description":"Pespsi","ImageUrl":null,"OrderItems":null,"$type":"Item"}
2024-09-20 10:57:50.807 +02:00 [INF] Executing ViewResult, running view Create.
2024-09-20 10:57:50.810 +02:00 [INF] Executed ViewResult - view Create executed in 2.279ms.
2024-09-20 10:57:50.810 +02:00 [INF] Executed action MyShop.Controllers.ItemController.Create (MyShop) in 9.5006ms
2024-09-20 10:57:50.810 +02:00 [INF] Executed endpoint 'MyShop.Controllers.ItemController.Create (MyShop)'
2024-09-20 10:57:50.810 +02:00 [INF] Request finished HTTP/1.1 POST http://localhost:5259/Item/Create - 200 null text/html; charset=utf-8 15.0387ms
2024-09-20 10:57:51.881 +02:00 [INF] Request starting HTTP/1.1 GET http://localhost:5259/Item/Table - null null
2024-09-20 10:57:51.882 +02:00 [INF] Executing endpoint 'MyShop.Controllers.ItemController.Table (MyShop)'
2024-09-20 10:57:51.882 +02:00 [INF] Route matched with {action = "Table", controller = "Item"}. Executing controller action with signature System.Threading.Tasks.Task`1[Microsoft.AspNetCore.Mvc.IActionResult] Table() on controller MyShop.Controllers.ItemController (MyShop).
2024-09-20 10:57:51.888 +02:00 [INF] Executing ViewResult, running view Table.
2024-09-20 10:57:51.891 +02:00 [INF] Executed ViewResult - view Table executed in 3.0394ms.
2024-09-20 10:57:51.892 +02:00 [INF] Executed action MyShop.Controllers.ItemController.Table (MyShop) in 9.4689ms
2024-09-20 10:57:51.892 +02:00 [INF] Executed endpoint 'MyShop.Controllers.ItemController.Table (MyShop)'
2024-09-20 10:57:51.893 +02:00 [INF] Request finished HTTP/1.1 GET http://localhost:5259/Item/Table - 200 null text/html; charset=utf-8 12.1622ms
